<?xml version="1.0" encoding="UTF-8"?>
<testsuite name="com.edutest.runner.CukesRunner" tests="0" skipped="0" failures="0" errors="0" timestamp="1970-01-01T00:00:00" hostname="Erhan-MacBook-Pro.local" time="0.0">
  <properties/>
  <system-out><![CDATA[]]></system-out>
  <system-err><![CDATA[Mar 26, 2021 1:21:04 PM cucumber.runtime.model.FeatureBuilder parse
WARNING: Duplicate feature ignored. file:src/test/resources/features/apiFeatures/iamServiceFeature/basicErrorControllerFeature/basic.feature was identical to file:src/test/resources/features/apiFeatures/iamServiceFeature/healthCheckControllerFeature/health.feature
Mar 26, 2021 1:21:04 PM cucumber.runtime.model.FeatureBuilder parse
WARNING: Duplicate feature ignored. file:src/test/resources/features/apiFeatures/testCenterFeature/test.feature was identical to file:src/test/resources/features/apiFeatures/iamServiceFeature/healthCheckControllerFeature/health.feature
Mar 26, 2021 1:21:04 PM cucumber.runtime.model.FeatureBuilder parse
WARNING: Duplicate feature ignored. file:src/test/resources/features/uiFeatures/frontend.feature was identical to file:src/test/resources/features/apiFeatures/iamServiceFeature/healthCheckControllerFeature/health.feature
]]></system-err>
</testsuite>
