<?xml version="1.0" encoding="UTF-8"?>
<testsuite name="com.edutest.runner.CukesRunner" tests="0" skipped="0" failures="0" errors="0" timestamp="1970-01-01T00:00:00" hostname="Erhan-MacBook-Pro.local" time="0.0">
  <properties/>
  <system-out><![CDATA[
There were undefined steps. You can implement missing steps with the snippets below:

@Given("navigate landing page")
public void navigate_landing_page() {
    // Write code here that turns the phrase above into concrete actions
    throw new cucumber.api.PendingException();
}

@When("Login as a {string}")
public void login_as_a(String string) {
    // Write code here that turns the phrase above into concrete actions
    throw new cucumber.api.PendingException();
}

@When("User click {string} and {string}")
public void user_click_and(String string, String string2) {
    // Write code here that turns the phrase above into concrete actions
    throw new cucumber.api.PendingException();
}

@Then("Enter valid information and verify {string}")
public void enter_valid_information_and_verify(String string) {
    // Write code here that turns the phrase above into concrete actions
    throw new cucumber.api.PendingException();
}

@Then("Enter information and verify {string}")
public void enter_information_and_verify(String string) {
    // Write code here that turns the phrase above into concrete actions
    throw new cucumber.api.PendingException();
}

@Then("User enter information and click {string} and verify {string}")
public void user_enter_information_and_click_and_verify(String string, String string2) {
    // Write code here that turns the phrase above into concrete actions
    throw new cucumber.api.PendingException();
}

@Then("User able to create section under the subject")
public void user_able_to_create_section_under_the_subject() {
    // Write code here that turns the phrase above into concrete actions
    throw new cucumber.api.PendingException();
}

@Then("User able to add {string} under the section and verify {string}")
public void user_able_to_add_under_the_section_and_verify(String string, String string2) {
    // Write code here that turns the phrase above into concrete actions
    throw new cucumber.api.PendingException();
}

@When("User able to select topic {string} {string} {string}")
public void user_able_to_select_topic(String string, String string2, String string3) {
    // Write code here that turns the phrase above into concrete actions
    throw new cucumber.api.PendingException();
}

@When("User able to select {string} {string} and write question")
public void user_able_to_select_and_write_question(String string, String string2) {
    // Write code here that turns the phrase above into concrete actions
    throw new cucumber.api.PendingException();
}

@When("enter {string} credentials then click login")
public void enter_credentials_then_click_login(String string) {
    // Write code here that turns the phrase above into concrete actions
    throw new cucumber.api.PendingException();
}

@Then("verify Welcome {string}")
public void verify_Welcome(String string) {
    // Write code here that turns the phrase above into concrete actions
    throw new cucumber.api.PendingException();
}

@Then("click Sign out")
public void click_Sign_out() {
    // Write code here that turns the phrase above into concrete actions
    throw new cucumber.api.PendingException();
}

@Then("verify logged out successfuly")
public void verify_logged_out_successfuly() {
    // Write code here that turns the phrase above into concrete actions
    throw new cucumber.api.PendingException();
}

]]></system-out>
  <system-err><![CDATA[Mar 25, 2021 8:00:21 PM cucumber.runtime.model.FeatureBuilder parse
WARNING: Duplicate feature ignored. file:src/test/resources/features/apiFeatures/iamServiceFeature/basicErrorControllerFeature/basic.feature was identical to file:src/test/resources/features/apiFeatures/iamServiceFeature/healthCheckControllerFeature/health.feature
Mar 25, 2021 8:00:21 PM cucumber.runtime.model.FeatureBuilder parse
WARNING: Duplicate feature ignored. file:src/test/resources/features/apiFeatures/testCenterFeature/test.feature was identical to file:src/test/resources/features/apiFeatures/iamServiceFeature/healthCheckControllerFeature/health.feature
Mar 25, 2021 8:00:21 PM cucumber.runtime.model.FeatureBuilder parse
WARNING: Duplicate feature ignored. file:src/test/resources/features/uiFeatures/frontend.feature was identical to file:src/test/resources/features/apiFeatures/iamServiceFeature/healthCheckControllerFeature/health.feature
]]></system-err>
</testsuite>
